\BOOKMARK [1][-]{section*.5}{\376\377\000A\000b\000b\000i\000l\000d\000u\000n\000g\000s\000v\000e\000r\000z\000e\000i\000c\000h\000n\000i\000s}{}% 1
\BOOKMARK [1][-]{section*.6}{\376\377\000T\000a\000b\000e\000l\000l\000e\000n\000v\000e\000r\000z\000e\000i\000c\000h\000n\000i\000s}{}% 2
\BOOKMARK [1][-]{section.1}{\376\377\0001\000\040\000E\000i\000n\000l\000e\000i\000t\000u\000n\000g}{}% 3
\BOOKMARK [2][-]{subsection.1.1}{\376\377\0001\000.\0001\000\040\000A\000u\000f\000g\000a\000b\000e\000n\000s\000t\000e\000l\000l\000u\000n\000g}{section.1}% 4
\BOOKMARK [2][-]{subsection.1.2}{\376\377\0001\000.\0002\000\040\000Z\000i\000e\000l\000e}{section.1}% 5
\BOOKMARK [2][-]{subsection.1.3}{\376\377\0001\000.\0003\000\040\000A\000u\000f\000b\000a\000u\000\040\000d\000e\000s\000\040\000B\000e\000r\000i\000c\000h\000t\000s}{section.1}% 6
\BOOKMARK [1][-]{section.2}{\376\377\0002\000\040\000G\000r\000u\000n\000d\000l\000a\000g\000e\000n}{}% 7
\BOOKMARK [2][-]{subsection.2.1}{\376\377\0002\000.\0001\000\040\000M\000u\000l\000t\000i\000-\000T\000e\000n\000a\000n\000t\000\040\000S\000a\000a\000S\000-\000A\000r\000c\000h\000i\000t\000e\000k\000t\000u\000r}{section.2}% 8
\BOOKMARK [2][-]{subsection.2.2}{\376\377\0002\000.\0002\000\040\000I\000n\000s\000e\000c\000u\000r\000e\000\040\000D\000i\000r\000e\000c\000t\000\040\000O\000b\000j\000e\000c\000t\000\040\000R\000e\000f\000e\000r\000e\000n\000c\000e\000\040\000\050\000I\000D\000O\000R\000\051}{section.2}% 9
\BOOKMARK [2][-]{subsection.2.3}{\376\377\0002\000.\0003\000\040\000S\000o\000f\000t\000-\000D\000e\000l\000e\000t\000e\000-\000M\000u\000s\000t\000e\000r}{section.2}% 10
\BOOKMARK [2][-]{subsection.2.4}{\376\377\0002\000.\0004\000\040\000C\000V\000S\000S\000\040\000u\000n\000d\000\040\000C\000W\000E\000-\000K\000l\000a\000s\000s\000i\000f\000i\000k\000a\000t\000i\000o\000n}{section.2}% 11
\BOOKMARK [1][-]{section.3}{\376\377\0003\000\040\000A\000n\000a\000l\000y\000s\000e\000\040\000d\000e\000r\000\040\000S\000c\000h\000w\000a\000c\000h\000s\000t\000e\000l\000l\000e}{}% 12
\BOOKMARK [2][-]{subsection.3.1}{\376\377\0003\000.\0001\000\040\000P\000r\000o\000j\000e\000k\000t\000s\000t\000r\000u\000k\000t\000u\000r}{section.3}% 13
\BOOKMARK [2][-]{subsection.3.2}{\376\377\0003\000.\0002\000\040\000P\000h\000a\000s\000e\000\040\0001\000:\000\040\000C\000o\000d\000e\000a\000n\000a\000l\000y\000s\000e}{section.3}% 14
\BOOKMARK [3][-]{subsubsection.3.2.1}{\376\377\0003\000.\0002\000.\0001\000\040\000S\000c\000h\000r\000i\000t\000t\000\040\0001\000:\000\040\000A\000n\000a\000l\000y\000s\000e\000\040\000d\000e\000r\000\040\000K\000l\000a\000s\000s\000e\000\040\000B\000a\000s\000e\000S\000e\000r\000v\000i\000c\000e}{subsection.3.2}% 15
\BOOKMARK [3][-]{subsubsection.3.2.2}{\376\377\0003\000.\0002\000.\0002\000\040\000S\000c\000h\000r\000i\000t\000t\000\040\0002\000:\000\040\000I\000d\000e\000n\000t\000i\000f\000i\000k\000a\000t\000i\000o\000n\000\040\000a\000l\000l\000e\000r\000\040\000A\000u\000f\000r\000u\000f\000e\000r\000\040\000v\000o\000n\000\040\000g\000e\000t\000\137\000o\000r\000\137\0004\0000\0004\000\050\000\051}{subsection.3.2}% 16
\BOOKMARK [3][-]{subsubsection.3.2.3}{\376\377\0003\000.\0002\000.\0003\000\040\000S\000c\000h\000r\000i\000t\000t\000\040\0003\000:\000\040\000M\000o\000d\000e\000l\000l\000e\000\040\000m\000i\000t\000\040\000o\000r\000g\000a\000n\000i\000z\000a\000t\000i\000o\000n\000\137\000i\000d\000\040\000u\000n\000d\000\040\000d\000e\000l\000e\000t\000e\000d\000\137\000a\000t}{subsection.3.2}% 17
\BOOKMARK [3][-]{subsubsection.3.2.4}{\376\377\0003\000.\0002\000.\0004\000\040\000S\000c\000h\000r\000i\000t\000t\000\040\0004\000:\000\040\000A\000n\000a\000l\000y\000s\000e\000\040\000d\000e\000r\000\040\000b\000e\000s\000t\000e\000h\000e\000n\000d\000e\000n\000\040\000T\000e\000s\000t\000s}{subsection.3.2}% 18
\BOOKMARK [3][-]{subsubsection.3.2.5}{\376\377\0003\000.\0002\000.\0005\000\040\000S\000c\000h\000r\000i\000t\000t\000\040\0005\000:\000\040\000P\000r\000o\000o\000f\000-\000o\000f\000-\000C\000o\000n\000c\000e\000p\000t\000-\000T\000e\000s\000t\000s\000\040\000\050\000v\000o\000r\000\040\000d\000e\000m\000\040\000P\000a\000t\000c\000h\000\051}{subsection.3.2}% 19
\BOOKMARK [1][-]{section.4}{\376\377\0004\000\040\000I\000m\000p\000l\000e\000m\000e\000n\000t\000i\000e\000r\000u\000n\000g\000\040\000d\000e\000s\000\040\000P\000a\000t\000c\000h\000e\000s}{}% 20
\BOOKMARK [2][-]{subsection.4.1}{\376\377\0004\000.\0001\000\040\000A\000n\000p\000a\000s\000s\000u\000n\000g\000\040\000v\000o\000n\000\040\000g\000e\000t\000\050\000\051\000\040\000u\000n\000d\000\040\000g\000e\000t\000\137\000o\000r\000\137\0004\0000\0004\000\050\000\051}{section.4}% 21
\BOOKMARK [2][-]{subsection.4.2}{\376\377\0004\000.\0002\000\040\000A\000n\000p\000a\000s\000s\000u\000n\000g\000\040\000a\000l\000l\000e\000r\000\040\000A\000u\000f\000r\000u\000f\000e\000r}{section.4}% 22
\BOOKMARK [2][-]{subsection.4.3}{\376\377\0004\000.\0003\000\040\000B\000e\000h\000a\000n\000d\000l\000u\000n\000g\000\040\000v\000o\000n\000\040\000M\000o\000d\000e\000l\000l\000e\000n\000\040\000o\000h\000n\000e\000\040\000o\000r\000g\000a\000n\000i\000z\000a\000t\000i\000o\000n\000\137\000i\000d}{section.4}% 23
\BOOKMARK [1][-]{section.5}{\376\377\0005\000\040\000T\000e\000s\000t\000i\000n\000g\000\040\000u\000n\000d\000\040\000Q\000u\000a\000l\000i\000t\000\344\000t\000s\000s\000i\000c\000h\000e\000r\000u\000n\000g}{}% 24
\BOOKMARK [2][-]{subsection.5.1}{\376\377\0005\000.\0001\000\040\000T\000e\000s\000t\000s\000t\000r\000a\000t\000e\000g\000i\000e}{section.5}% 25
\BOOKMARK [2][-]{subsection.5.2}{\376\377\0005\000.\0002\000\040\000N\000e\000u\000e\000\040\000S\000i\000c\000h\000e\000r\000h\000e\000i\000t\000s\000t\000e\000s\000t\000s}{section.5}% 26
\BOOKMARK [2][-]{subsection.5.3}{\376\377\0005\000.\0003\000\040\000E\000r\000g\000\344\000n\000z\000e\000n\000d\000e\000\040\000S\000c\000h\000w\000a\000c\000h\000s\000t\000e\000l\000l\000e\000n\000a\000n\000a\000l\000y\000s\000e\000\040\000\050\000P\000h\000a\000s\000e\000\040\0002\000\040\000\046\000\040\0003\000\051}{section.5}% 27
\BOOKMARK [3][-]{subsubsection.5.3.1}{\376\377\0005\000.\0003\000.\0001\000\040\000W\000a\000r\000u\000m\000\040\000e\000r\000s\000t\000\040\000n\000a\000c\000h\000\040\000P\000h\000a\000s\000e\000\040\0001\000?}{subsection.5.3}% 28
\BOOKMARK [3][-]{subsubsection.5.3.2}{\376\377\0005\000.\0003\000.\0002\000\040\000S\000y\000s\000t\000e\000m\000a\000t\000i\000s\000c\000h\000e\000\040\000V\000o\000r\000g\000e\000h\000e\000n\000s\000w\000e\000i\000s\000e}{subsection.5.3}% 29
\BOOKMARK [3][-]{subsubsection.5.3.3}{\376\377\0005\000.\0003\000.\0003\000\040\000P\000h\000a\000s\000e\000-\0002\000-\000F\000i\000n\000d\000i\000n\000g\000s\000\040\000\050\0003\000\040\000L\000\374\000c\000k\000e\000n\000k\000l\000a\000s\000s\000e\000n\000\051}{subsection.5.3}% 30
\BOOKMARK [3][-]{subsubsection.5.3.4}{\376\377\0005\000.\0003\000.\0004\000\040\000P\000h\000a\000s\000e\000-\0003\000-\000F\000i\000n\000d\000i\000n\000g\000s\000\040\000\050\0003\000\040\000H\000I\000G\000H\000\040\000+\000\040\0001\0004\000\040\000M\000E\000D\000I\000U\000M\000\051}{subsection.5.3}% 31
\BOOKMARK [3][-]{subsubsection.5.3.5}{\376\377\0005\000.\0003\000.\0005\000\040\000T\000e\000s\000t\000n\000a\000c\000h\000w\000e\000i\000s\000\040\000\050\000R\000e\000g\000r\000e\000s\000s\000i\000o\000n\000\051}{subsection.5.3}% 32
\BOOKMARK [2][-]{subsection.5.4}{\376\377\0005\000.\0004\000\040\000T\000e\000s\000t\000a\000b\000d\000e\000c\000k\000u\000n\000g\000\040\000d\000e\000s\000\040\000z\000e\000n\000t\000r\000a\000l\000e\000n\000\040\000P\000a\000t\000c\000h\000e\000s}{section.5}% 33
\BOOKMARK [2][-]{subsection.5.5}{\376\377\0005\000.\0005\000\040\000A\000n\000p\000a\000s\000s\000u\000n\000g\000\040\000b\000e\000s\000t\000e\000h\000e\000n\000d\000e\000r\000\040\000T\000e\000s\000t\000s}{section.5}% 34
\BOOKMARK [2][-]{subsection.5.6}{\376\377\0005\000.\0006\000\040\000A\000u\000s\000f\000\374\000h\000r\000u\000n\000g\000\040\000d\000e\000r\000\040\000I\000n\000t\000e\000g\000r\000a\000t\000i\000o\000n\000s\000t\000e\000s\000t\000s}{section.5}% 35
\BOOKMARK [1][-]{section.6}{\376\377\0006\000\040\000S\000c\000h\000l\000u\000s\000s\000b\000e\000m\000e\000r\000k\000u\000n\000g\000e\000n}{}% 36
\BOOKMARK [1][-]{section*.10}{\376\377\000Q\000u\000e\000l\000l\000e\000n\000v\000e\000r\000z\000e\000i\000c\000h\000n\000i\000s}{}% 37
\BOOKMARK [1][-]{section*.11}{\376\377\000E\000i\000g\000e\000n\000s\000t\000\344\000n\000d\000i\000g\000k\000e\000i\000t\000s\000e\000r\000k\000l\000\344\000r\000u\000n\000g}{}% 38
\BOOKMARK [1][-]{section*.12}{\376\377\000D\000e\000c\000l\000a\000r\000a\000t\000i\000o\000n\000\040\000o\000f\000\040\000A\000u\000t\000h\000e\000n\000t\000i\000c\000i\000t\000y}{}% 39
\BOOKMARK [1][-]{appendix.A}{\376\377\000A\000\040\000B\000i\000l\000d\000d\000o\000k\000u\000m\000e\000n\000t\000a\000t\000i\000o\000n\000\040\000d\000e\000s\000\040\000A\000n\000g\000r\000i\000f\000f\000s}{}% 40
\BOOKMARK [2][-]{subsection.A.1}{\376\377\000A\000.\0001\000\040\000U\000I\000-\000b\000a\000s\000i\000e\000r\000t\000e\000\040\000R\000e\000p\000r\000o\000d\000u\000k\000t\000i\000o\000n}{appendix.A}% 41
\BOOKMARK [2][-]{subsection.A.2}{\376\377\000A\000.\0002\000\040\000A\000P\000I\000-\000R\000e\000p\000r\000o\000d\000u\000k\000t\000i\000o\000n\000\040\000m\000i\000t\000\040\000c\000u\000r\000l}{appendix.A}% 42
